[2025-06-12 10:44:29] MODIFICAR
Array
(
    [registro_id] => 20250630-2GHX
    [usuario] => 30
    [correo] => Anarita@uniguajira.edu.co
    [fecha] => 2025-06-30
    [recurso] => 3
    [horaInicio] => 10:42
    [horaFin] => 11:43
    [programa] => 5
    [docente] => 30
    [asignatura] => 11
    [salon] => 6a33
    [semestre] => VII
    [celular] => 3002099544
    [nombre_estudiante] => 
    [estado] => Confirmada
)

[2025-06-12 10:44:30] MODIFICAR
Array
(
    [registro_id] => 20250630-2GHX
    [usuario] => 30
    [correo] => Anarita@uniguajira.edu.co
    [fecha] => 2025-06-30
    [recurso] => 3
    [horaInicio] => 10:42
    [horaFin] => 11:43
    [programa] => 5
    [docente] => 30
    [asignatura] => 11
    [salon] => 6a33
    [semestre] => VII
    [celular] => 3002099544
    [nombre_estudiante] => 
    [estado] => Confirmada
)

[2025-06-12 10:44:31] MODIFICAR
Array
(
    [registro_id] => 20250630-2GHX
    [usuario] => 30
    [correo] => Anarita@uniguajira.edu.co
    [fecha] => 2025-06-30
    [recurso] => 3
    [horaInicio] => 10:42
    [horaFin] => 11:43
    [programa] => 5
    [docente] => 30
    [asignatura] => 11
    [salon] => 6a33
    [semestre] => VII
    [celular] => 3002099544
    [nombre_estudiante] => 
    [estado] => Confirmada
)

[2025-06-12 10:44:31] MODIFICAR
Array
(
    [registro_id] => 20250630-2GHX
    [usuario] => 30
    [correo] => Anarita@uniguajira.edu.co
    [fecha] => 2025-06-30
    [recurso] => 3
    [horaInicio] => 10:42
    [horaFin] => 11:43
    [programa] => 5
    [docente] => 30
    [asignatura] => 11
    [salon] => 6a33
    [semestre] => VII
    [celular] => 3002099544
    [nombre_estudiante] => 
    [estado] => Confirmada
)

[2025-06-12 10:44:31] MODIFICAR
Array
(
    [registro_id] => 20250630-2GHX
    [usuario] => 30
    [correo] => Anarita@uniguajira.edu.co
    [fecha] => 2025-06-30
    [recurso] => 3
    [horaInicio] => 10:42
    [horaFin] => 11:43
    [programa] => 5
    [docente] => 30
    [asignatura] => 11
    [salon] => 6a33
    [semestre] => VII
    [celular] => 3002099544
    [nombre_estudiante] => 
    [estado] => Confirmada
)

[2025-06-12 10:44:31] MODIFICAR
Array
(
    [registro_id] => 20250630-2GHX
    [usuario] => 30
    [correo] => Anarita@uniguajira.edu.co
    [fecha] => 2025-06-30
    [recurso] => 3
    [horaInicio] => 10:42
    [horaFin] => 11:43
    [programa] => 5
    [docente] => 30
    [asignatura] => 11
    [salon] => 6a33
    [semestre] => VII
    [celular] => 3002099544
    [nombre_estudiante] => 
    [estado] => Confirmada
)

[2025-06-12 10:44:32] MODIFICAR
Array
(
    [registro_id] => 20250630-2GHX
    [usuario] => 30
    [correo] => Anarita@uniguajira.edu.co
    [fecha] => 2025-06-30
    [recurso] => 3
    [horaInicio] => 10:42
    [horaFin] => 11:43
    [programa] => 5
    [docente] => 30
    [asignatura] => 11
    [salon] => 6a33
    [semestre] => VII
    [celular] => 3002099544
    [nombre_estudiante] => 
    [estado] => Confirmada
)

[2025-06-12 10:46:31] MODIFICAR
Array
(
    [registro_id] => 20250619-OFQE
    [usuario] => 5
    [correo] => Daniel@gmail.com
    [fecha] => 2025-06-19
    [recurso] => 2
    [horaInicio] => 10:21
    [horaFin] => 11:21
    [programa] => 8
    [docente] => 5
    [asignatura] => 
    [salon] => 6a
    [celular] => 3002099544
    [nombre_estudiante] => 
    [estado] => Confirmada
)

[2025-06-12 10:46:31] MODIFICAR
Array
(
    [registro_id] => 20250619-OFQE
    [usuario] => 5
    [correo] => Daniel@gmail.com
    [fecha] => 2025-06-19
    [recurso] => 2
    [horaInicio] => 10:21
    [horaFin] => 11:21
    [programa] => 8
    [docente] => 5
    [asignatura] => 
    [salon] => 6a
    [celular] => 3002099544
    [nombre_estudiante] => 
    [estado] => Confirmada
)

[2025-06-12 10:48:08] MODIFICAR
Array
(
    [registro_id] => 20250619-OFQE
    [usuario] => 5
    [correo] => Daniel@gmail.com
    [fecha] => 2025-06-19
    [recurso] => 2
    [horaInicio] => 10:21
    [horaFin] => 11:21
    [programa] => 8
    [docente] => 5
    [asignatura] => 
    [salon] => 6a
    [celular] => 3002099544
    [nombre_estudiante] => 
    [estado] => Confirmada
)

[2025-06-12 10:48:56] MODIFICAR
Array
(
    [registro_id] => 20250630-2GHX
    [usuario] => 30
    [correo] => Anarita@uniguajira.edu.co
    [fecha] => 2025-06-30
    [recurso] => 3
    [horaInicio] => 10:42
    [horaFin] => 11:43
    [programa] => 5
    [docente] => 30
    [asignatura] => 11
    [salon] => 6ae
    [semestre] => VII
    [celular] => 32325342534
    [nombre_estudiante] => 
    [estado] => Confirmada
)

